{"numFailedTestSuites":0,"numFailedTests":0,"numPassedTestSuites":57,"numPassedTests":214,"numPendingTestSuites":0,"numPendingTests":0,"numRuntimeErrorTestSuites":0,"numTotalTestSuites":57,"numTotalTests":214,"snapshot":{"added":0,"didUpdate":false,"failure":false,"filesAdded":0,"filesRemoved":0,"filesUnmatched":0,"filesUpdated":0,"matched":148,"total":148,"unchecked":0,"uncheckedKeys":[],"unmatched":0,"updated":0},"startTime":1541082132600,"success":true,"testResults":[{"assertionResults":[{"ancestorTitles":["<ProductDetailSwatches />"],"failureMessages":[],"fullName":"<ProductDetailSwatches /> renders correctly","location":null,"status":"passed","title":"renders correctly"},{"ancestorTitles":["<ProductDetailSwatches />"],"failureMessages":[],"fullName":"<ProductDetailSwatches /> renders correctly with custom title","location":null,"status":"passed","title":"renders correctly with custom title"}],"endTime":1541082135126,"message":"","name":"/Users/Antoine/Work/dering-hall-ui-kit/src/components/ProductDetail/__tests__/ProductDetailSwatches.test.js","startTime":1541082133584,"status":"passed","summary":""},{"assertionResults":[{"ancestorTitles":["<SearchBreadcrumb />"],"failureMessages":[],"fullName":"<SearchBreadcrumb /> renders correctly","location":null,"status":"passed","title":"renders correctly"},{"ancestorTitles":["<SearchBreadcrumb />"],"failureMessages":[],"fullName":"<SearchBreadcrumb /> renders correctly with rootLabel","location":null,"status":"passed","title":"renders correctly with rootLabel"},{"ancestorTitles":["<SearchBreadcrumb />"],"failureMessages":[],"fullName":"<SearchBreadcrumb /> renders correctly with no refinements","location":null,"status":"passed","title":"renders correctly with no refinements"},{"ancestorTitles":["<SearchBreadcrumb />"],"failureMessages":[],"fullName":"<SearchBreadcrumb /> renders correctly with alwaysShowRoot","location":null,"status":"passed","title":"renders correctly with alwaysShowRoot"},{"ancestorTitles":["<SearchBreadcrumb />"],"failureMessages":[],"fullName":"<SearchBreadcrumb /> refines its value on change","location":null,"status":"passed","title":"refines its value on change"},{"ancestorTitles":["<SearchBreadcrumb />"],"failureMessages":[],"fullName":"<SearchBreadcrumb /> has a rootURL prop","location":null,"status":"passed","title":"has a rootURL prop"},{"ancestorTitles":["<SearchBreadcrumb />"],"failureMessages":[],"fullName":"<SearchBreadcrumb /> has a separator prop that can be a custom component","location":null,"status":"passed","title":"has a separator prop that can be a custom component"}],"endTime":1541082135698,"message":"","name":"/Users/Antoine/Work/dering-hall-ui-kit/src/components/SearchBreadcrumb/__tests__/SearchBreadcrumb.test.js","startTime":1541082133585,"status":"passed","summary":""},{"assertionResults":[{"ancestorTitles":["<ListFacetCheckbox />"],"failureMessages":[],"fullName":"<ListFacetCheckbox /> renders correctly","location":null,"status":"passed","title":"renders correctly"},{"ancestorTitles":["<ListFacetCheckbox />"],"failureMessages":[],"fullName":"<ListFacetCheckbox /> renders correctly with className","location":null,"status":"passed","title":"renders correctly with className"},{"ancestorTitles":["<ListFacetCheckbox />"],"failureMessages":[],"fullName":"<ListFacetCheckbox /> renders correctly without refinement","location":null,"status":"passed","title":"renders correctly without refinement"},{"ancestorTitles":["<ListFacetCheckbox />"],"failureMessages":[],"fullName":"<ListFacetCheckbox /> refines its value on change","location":null,"status":"passed","title":"refines its value on change"},{"ancestorTitles":["<ListFacetCheckbox />"],"failureMessages":[],"fullName":"<ListFacetCheckbox /> should respect defined limits","location":null,"status":"passed","title":"should respect defined limits"},{"ancestorTitles":["<ListFacetCheckbox />"],"failureMessages":[],"fullName":"<ListFacetCheckbox /> should disable show more when no more item to display","location":null,"status":"passed","title":"should disable show more when no more item to display"}],"endTime":1541082136002,"message":"","name":"/Users/Antoine/Work/dering-hall-ui-kit/src/components/ListFacet/__tests__/ListFacetCheckbox.test.js","startTime":1541082133584,"status":"passed","summary":""},{"assertionResults":[{"ancestorTitles":["<ListFacetDropdown />"],"failureMessages":[],"fullName":"<ListFacetDropdown /> renders correctly","location":null,"status":"passed","title":"renders correctly"},{"ancestorTitles":["<ListFacetDropdown />"],"failureMessages":[],"fullName":"<ListFacetDropdown /> renders correctly with className","location":null,"status":"passed","title":"renders correctly with className"},{"ancestorTitles":["<ListFacetDropdown />"],"failureMessages":[],"fullName":"<ListFacetDropdown /> refines its value on change","location":null,"status":"passed","title":"refines its value on change"},{"ancestorTitles":["<ListFacetDropdown />"],"failureMessages":[],"fullName":"<ListFacetDropdown /> should respect defined limits","location":null,"status":"passed","title":"should respect defined limits"},{"ancestorTitles":["<ListFacetDropdown />"],"failureMessages":[],"fullName":"<ListFacetDropdown /> should disable show more when no more item to display","location":null,"status":"passed","title":"should disable show more when no more item to display"}],"endTime":1541082136576,"message":"","name":"/Users/Antoine/Work/dering-hall-ui-kit/src/components/ListFacet/__tests__/ListFacetDropdown.test.js","startTime":1541082136017,"status":"passed","summary":""},{"assertionResults":[{"ancestorTitles":["<SearchAutocomplete />"],"failureMessages":[],"fullName":"<SearchAutocomplete /> renders correctly","location":null,"status":"passed","title":"renders correctly"},{"ancestorTitles":["<SearchAutocomplete />"],"failureMessages":[],"fullName":"<SearchAutocomplete /> renders correctly with className","location":null,"status":"passed","title":"renders correctly with className"},{"ancestorTitles":["<SearchAutocomplete />"],"failureMessages":[],"fullName":"<SearchAutocomplete /> renders correctly with a custom placeholder","location":null,"status":"passed","title":"renders correctly with a custom placeholder"},{"ancestorTitles":["<SearchAutocomplete />"],"failureMessages":[],"fullName":"<SearchAutocomplete /> renders correctly with transformHit","location":null,"status":"passed","title":"renders correctly with transformHit"},{"ancestorTitles":["<SearchAutocomplete />"],"failureMessages":[],"fullName":"<SearchAutocomplete /> treats its currentRefinement prop as its input value","location":null,"status":"passed","title":"treats its currentRefinement prop as its input value"},{"ancestorTitles":["<SearchAutocomplete />"],"failureMessages":[],"fullName":"<SearchAutocomplete /> refines its value on change","location":null,"status":"passed","title":"refines its value on change"},{"ancestorTitles":["<SearchAutocomplete />"],"failureMessages":[],"fullName":"<SearchAutocomplete /> refines its value on blur","location":null,"status":"passed","title":"refines its value on blur"},{"ancestorTitles":["<SearchAutocomplete />"],"failureMessages":[],"fullName":"<SearchAutocomplete /> renders correctly with onHitSelected","location":null,"status":"passed","title":"renders correctly with onHitSelected"},{"ancestorTitles":["<SearchAutocomplete />"],"failureMessages":[],"fullName":"<SearchAutocomplete /> renders correctly with onSubmit","location":null,"status":"passed","title":"renders correctly with onSubmit"},{"ancestorTitles":["<SearchAutocomplete />"],"failureMessages":[],"fullName":"<SearchAutocomplete /> should call onSubmit with current input value","location":null,"status":"passed","title":"should call onSubmit with current input value"}],"endTime":1541082136753,"message":"","name":"/Users/Antoine/Work/dering-hall-ui-kit/src/components/SearchAutocomplete/__tests__/SearchAutocomplete.test.js","startTime":1541082135711,"status":"passed","summary":""},{"assertionResults":[{"ancestorTitles":["<Breadcrumb />"],"failureMessages":[],"fullName":"<Breadcrumb /> renders correctly","location":null,"status":"passed","title":"renders correctly"},{"ancestorTitles":["<Breadcrumb />"],"failureMessages":[],"fullName":"<Breadcrumb /> renders correctly without items","location":null,"status":"passed","title":"renders correctly without items"},{"ancestorTitles":["<Breadcrumb />"],"failureMessages":[],"fullName":"<Breadcrumb /> renders correctly with rootLabel","location":null,"status":"passed","title":"renders correctly with rootLabel"},{"ancestorTitles":["<Breadcrumb />"],"failureMessages":[],"fullName":"<Breadcrumb /> has a rootURL prop","location":null,"status":"passed","title":"has a rootURL prop"},{"ancestorTitles":["<Breadcrumb />"],"failureMessages":[],"fullName":"<Breadcrumb /> has a separator prop that can be a custom component","location":null,"status":"passed","title":"has a separator prop that can be a custom component"},{"ancestorTitles":["<Breadcrumb />"],"failureMessages":[],"fullName":"<Breadcrumb /> has a rootComponent prop that can be a custom component","location":null,"status":"passed","title":"has a rootComponent prop that can be a custom component"},{"ancestorTitles":["<Breadcrumb />"],"failureMessages":[],"fullName":"<Breadcrumb /> has a itemComponent prop that can be a custom component","location":null,"status":"passed","title":"has a itemComponent prop that can be a custom component"}],"endTime":1541082136918,"message":"","name":"/Users/Antoine/Work/dering-hall-ui-kit/src/components/Breadcrumb/__tests__/Breadcrumb.test.js","startTime":1541082136583,"status":"passed","summary":""},{"assertionResults":[{"ancestorTitles":["<AccordionMenu />"],"failureMessages":[],"fullName":"<AccordionMenu /> renders correctly","location":null,"status":"passed","title":"renders correctly"},{"ancestorTitles":["<AccordionMenu />"],"failureMessages":[],"fullName":"<AccordionMenu /> renders correctly when right aligned","location":null,"status":"passed","title":"renders correctly when right aligned"},{"ancestorTitles":["<AccordionMenu />"],"failureMessages":[],"fullName":"<AccordionMenu /> renders correctly when small","location":null,"status":"passed","title":"renders correctly when small"},{"ancestorTitles":["<AccordionMenu />"],"failureMessages":[],"fullName":"<AccordionMenu /> renders correctly when small and right aligned","location":null,"status":"passed","title":"renders correctly when small and right aligned"},{"ancestorTitles":["<AccordionMenu />"],"failureMessages":[],"fullName":"<AccordionMenu /> should update 'active' state when toggle is clicked","location":null,"status":"passed","title":"should update 'active' state when toggle is clicked"},{"ancestorTitles":["<AccordionMenu />"],"failureMessages":[],"fullName":"<AccordionMenu /> should update 'active' prop when toggle is clicked","location":null,"status":"passed","title":"should update 'active' prop when toggle is clicked"},{"ancestorTitles":["<AccordionMenuList />"],"failureMessages":[],"fullName":"<AccordionMenuList /> renders correctly","location":null,"status":"passed","title":"renders correctly"},{"ancestorTitles":["<AccordionMenuList />"],"failureMessages":[],"fullName":"<AccordionMenuList /> renders correctly when not active","location":null,"status":"passed","title":"renders correctly when not active"},{"ancestorTitles":["<AccordionMenuToggle />"],"failureMessages":[],"fullName":"<AccordionMenuToggle /> renders correctly","location":null,"status":"passed","title":"renders correctly"},{"ancestorTitles":["<AccordionMenuToggle />"],"failureMessages":[],"fullName":"<AccordionMenuToggle /> renders correctly with active","location":null,"status":"passed","title":"renders correctly with active"}],"endTime":1541082136972,"message":"","name":"/Users/Antoine/Work/dering-hall-ui-kit/src/components/AccordionMenu/__tests__/AccordionMenu.test.js","startTime":1541082135185,"status":"passed","summary":""},{"assertionResults":[{"ancestorTitles":["<ConversionButtons />"],"failureMessages":[],"fullName":"<ConversionButtons /> renders correctly","location":null,"status":"passed","title":"renders correctly"},{"ancestorTitles":["<ConversionButtons />"],"failureMessages":[],"fullName":"<ConversionButtons /> renders correctly with custom className","location":null,"status":"passed","title":"renders correctly with custom className"},{"ancestorTitles":["<ConversionButtons />"],"failureMessages":[],"fullName":"<ConversionButtons /> renders correctly with custom button's attributes","location":null,"status":"passed","title":"renders correctly with custom button's attributes"},{"ancestorTitles":["<ConversionButtons />"],"failureMessages":[],"fullName":"<ConversionButtons /> renders correctly with share","location":null,"status":"passed","title":"renders correctly with share"},{"ancestorTitles":["<ConversionButtons />"],"failureMessages":[],"fullName":"<ConversionButtons /> renders correctly with custom onClick handler","location":null,"status":"passed","title":"renders correctly with custom onClick handler"},{"ancestorTitles":["<ConversionButtons />"],"failureMessages":[],"fullName":"<ConversionButtons /> should pass 'share' prop to custom click handler as 2nd argument","location":null,"status":"passed","title":"should pass 'share' prop to custom click handler as 2nd argument"}],"endTime":1541082137053,"message":"","name":"/Users/Antoine/Work/dering-hall-ui-kit/src/components/ConversionButtons/__tests__/ConversionButtons.test.js","startTime":1541082136760,"status":"passed","summary":""},{"assertionResults":[{"ancestorTitles":["<FacetsToggler />"],"failureMessages":[],"fullName":"<FacetsToggler /> renders correctly","location":null,"status":"passed","title":"renders correctly"},{"ancestorTitles":["<FacetsToggler />"],"failureMessages":[],"fullName":"<FacetsToggler /> renders correctly with a custom className","location":null,"status":"passed","title":"renders correctly with a custom className"},{"ancestorTitles":["<FacetsToggler />"],"failureMessages":[],"fullName":"<FacetsToggler /> should update its state and <body> classnames when clicked","location":null,"status":"passed","title":"should update its state and <body> classnames when clicked"},{"ancestorTitles":["<FacetsToggler />"],"failureMessages":[],"fullName":"<FacetsToggler /> should remove <body> toggle classname on componentWillUnmount","location":null,"status":"passed","title":"should remove <body> toggle classname on componentWillUnmount"},{"ancestorTitles":["<FacetsToggler />"],"failureMessages":[],"fullName":"<FacetsToggler /> should update <body> classnames with custom toggle className when clicked","location":null,"status":"passed","title":"should update <body> classnames with custom toggle className when clicked"},{"ancestorTitles":["<FacetsToggler />"],"failureMessages":[],"fullName":"<FacetsToggler /> should remove <body> custom toggle classname on componentWillUnmount","location":null,"status":"passed","title":"should remove <body> custom toggle classname on componentWillUnmount"}],"endTime":1541082137503,"message":"","name":"/Users/Antoine/Work/dering-hall-ui-kit/src/components/FacetsToggler/__tests__/FacetsToggler.test.js","startTime":1541082137059,"status":"passed","summary":""},{"assertionResults":[{"ancestorTitles":["<SellersHits />"],"failureMessages":[],"fullName":"<SellersHits /> renders correctly","location":null,"status":"passed","title":"renders correctly"},{"ancestorTitles":["<SellersHits />"],"failureMessages":[],"fullName":"<SellersHits /> renders correctly with className","location":null,"status":"passed","title":"renders correctly with className"},{"ancestorTitles":["<SellersHits />"],"failureMessages":[],"fullName":"<SellersHits /> should call refine when the load more button is clicked","location":null,"status":"passed","title":"should call refine when the load more button is clicked"},{"ancestorTitles":["<SellersHits />"],"failureMessages":[],"fullName":"<SellersHits /> should disable load more button when searching","location":null,"status":"passed","title":"should disable load more button when searching"},{"ancestorTitles":["<SellersHits />"],"failureMessages":[],"fullName":"<SellersHits /> should hide load more button when it is the last page","location":null,"status":"passed","title":"should hide load more button when it is the last page"}],"endTime":1541082137550,"message":"","name":"/Users/Antoine/Work/dering-hall-ui-kit/src/components/SellersHits/__tests__/SellersHits.test.js","startTime":1541082136925,"status":"passed","summary":""},{"assertionResults":[{"ancestorTitles":["<ProductsHits />"],"failureMessages":[],"fullName":"<ProductsHits /> renders correctly","location":null,"status":"passed","title":"renders correctly"},{"ancestorTitles":["<ProductsHits />"],"failureMessages":[],"fullName":"<ProductsHits /> renders correctly with className","location":null,"status":"passed","title":"renders correctly with className"},{"ancestorTitles":["<ProductsHits />"],"failureMessages":[],"fullName":"<ProductsHits /> should call refine when the load more button is clicked","location":null,"status":"passed","title":"should call refine when the load more button is clicked"},{"ancestorTitles":["<ProductsHits />"],"failureMessages":[],"fullName":"<ProductsHits /> should disable load more button when searching","location":null,"status":"passed","title":"should disable load more button when searching"},{"ancestorTitles":["<ProductsHits />"],"failureMessages":[],"fullName":"<ProductsHits /> should hide load more button when it is the last page","location":null,"status":"passed","title":"should hide load more button when it is the last page"}],"endTime":1541082137563,"message":"","name":"/Users/Antoine/Work/dering-hall-ui-kit/src/components/ProductsHits/__tests__/ProductsHits.test.js","startTime":1541082136979,"status":"passed","summary":""},{"assertionResults":[{"ancestorTitles":["<Link />"],"failureMessages":[],"fullName":"<Link /> renders correctly","location":null,"status":"passed","title":"renders correctly"},{"ancestorTitles":["<Link />"],"failureMessages":[],"fullName":"<Link /> renders correctly with a child element","location":null,"status":"passed","title":"renders correctly with a child element"},{"ancestorTitles":["<Link />"],"failureMessages":[],"fullName":"<Link /> renders correctly with className prop","location":null,"status":"passed","title":"renders correctly with className prop"},{"ancestorTitles":["<Link />"],"failureMessages":[],"fullName":"<Link /> should render an <a> with an href attribute","location":null,"status":"passed","title":"should render an <a> with an href attribute"},{"ancestorTitles":["<Link />"],"failureMessages":[],"fullName":"<Link /> should have a rel=\"external noopener\" and target=\"_blank\" attributes when external","location":null,"status":"passed","title":"should have a rel=\"external noopener\" and target=\"_blank\" attributes when external"},{"ancestorTitles":["<Link />"],"failureMessages":[],"fullName":"<Link /> should have a rel=\"nofollow\" attribute when noFollow","location":null,"status":"passed","title":"should have a rel=\"nofollow\" attribute when noFollow"},{"ancestorTitles":["<Link />"],"failureMessages":[],"fullName":"<Link /> should have a rel=\"external noopener nofollow\" and target=\"_blank\" attributes when external and noFollow","location":null,"status":"passed","title":"should have a rel=\"external noopener nofollow\" and target=\"_blank\" attributes when external and noFollow"},{"ancestorTitles":["<Link />"],"failureMessages":[],"fullName":"<Link /> calls onClick when it has an onClick prop","location":null,"status":"passed","title":"calls onClick when it has an onClick prop"},{"ancestorTitles":["<LinkWithIcon />"],"failureMessages":[],"fullName":"<LinkWithIcon /> renders correctly","location":null,"status":"passed","title":"renders correctly"}],"endTime":1541082137803,"message":"","name":"/Users/Antoine/Work/dering-hall-ui-kit/src/components/Link/__tests__/Link.test.js","startTime":1541082137559,"status":"passed","summary":""},{"assertionResults":[{"ancestorTitles":["<PanelCallbackHandler />"],"failureMessages":[],"fullName":"<PanelCallbackHandler /> renders correctly","location":null,"status":"passed","title":"renders correctly"},{"ancestorTitles":["<PanelCallbackHandler />","willMount"],"failureMessages":[],"fullName":"<PanelCallbackHandler /> willMount should call setCanRefine when the context is given","location":null,"status":"passed","title":"should call setCanRefine when the context is given"},{"ancestorTitles":["<PanelCallbackHandler />","willMount"],"failureMessages":[],"fullName":"<PanelCallbackHandler /> willMount should not throw when the context is not given","location":null,"status":"passed","title":"should not throw when the context is not given"},{"ancestorTitles":["<PanelCallbackHandler />","willReceiveProps"],"failureMessages":[],"fullName":"<PanelCallbackHandler /> willReceiveProps should call setCanRefine when the context is given","location":null,"status":"passed","title":"should call setCanRefine when the context is given"},{"ancestorTitles":["<PanelCallbackHandler />","willReceiveProps"],"failureMessages":[],"fullName":"<PanelCallbackHandler /> willReceiveProps should not call setCanRefine when the nextProps is the same","location":null,"status":"passed","title":"should not call setCanRefine when the nextProps is the same"},{"ancestorTitles":["<PanelCallbackHandler />","willReceiveProps"],"failureMessages":[],"fullName":"<PanelCallbackHandler /> willReceiveProps should not throw when the context is not given","location":null,"status":"passed","title":"should not throw when the context is not given"}],"endTime":1541082137830,"message":"","name":"/Users/Antoine/Work/dering-hall-ui-kit/src/components/Panel/__tests__/PanelCallbackHandler.test.js","startTime":1541082137582,"status":"passed","summary":""},{"assertionResults":[{"ancestorTitles":["<SellerProfileInfo />"],"failureMessages":[],"fullName":"<SellerProfileInfo /> renders correctly","location":null,"status":"passed","title":"renders correctly"},{"ancestorTitles":["<SellerProfileInfo />"],"failureMessages":[],"fullName":"<SellerProfileInfo /> renders correctly with HTML summary","location":null,"status":"passed","title":"renders correctly with HTML summary"},{"ancestorTitles":["<SellerProfileInfo />"],"failureMessages":[],"fullName":"<SellerProfileInfo /> should have a contact button when provided with 'links' prop","location":null,"status":"passed","title":"should have a contact button when provided with 'links' prop"},{"ancestorTitles":["<SellerProfileInfo />"],"failureMessages":[],"fullName":"<SellerProfileInfo /> shouldn't render 'contact' link in social links","location":null,"status":"passed","title":"shouldn't render 'contact' link in social links"}],"endTime":1541082138081,"message":"","name":"/Users/Antoine/Work/dering-hall-ui-kit/src/components/SellerProfile/__tests__/SellerProfileInfo.test.js","startTime":1541082137626,"status":"passed","summary":""},{"assertionResults":[{"ancestorTitles":["<SellerProfileSocialLinks />"],"failureMessages":[],"fullName":"<SellerProfileSocialLinks /> renders correctly","location":null,"status":"passed","title":"renders correctly"},{"ancestorTitles":["<SellerProfileSocialLinks />"],"failureMessages":[],"fullName":"<SellerProfileSocialLinks /> renders facebook icon correctly","location":null,"status":"passed","title":"renders facebook icon correctly"},{"ancestorTitles":["<SellerProfileSocialLinks />"],"failureMessages":[],"fullName":"<SellerProfileSocialLinks /> renders instagram icon correctly","location":null,"status":"passed","title":"renders instagram icon correctly"},{"ancestorTitles":["<SellerProfileSocialLinks />"],"failureMessages":[],"fullName":"<SellerProfileSocialLinks /> renders pinterest icon correctly","location":null,"status":"passed","title":"renders pinterest icon correctly"},{"ancestorTitles":["<SellerProfileSocialLinks />"],"failureMessages":[],"fullName":"<SellerProfileSocialLinks /> renders twitter icon correctly","location":null,"status":"passed","title":"renders twitter icon correctly"},{"ancestorTitles":["<SellerProfileSocialLinks />"],"failureMessages":[],"fullName":"<SellerProfileSocialLinks /> renders new window icon correctly","location":null,"status":"passed","title":"renders new window icon correctly"}],"endTime":1541082138157,"message":"","name":"/Users/Antoine/Work/dering-hall-ui-kit/src/components/SellerProfile/__tests__/SellerProfileSocialLinks.test.js","startTime":1541082137846,"status":"passed","summary":""},{"assertionResults":[{"ancestorTitles":["<ActiveFacets />"],"failureMessages":[],"fullName":"<ActiveFacets /> renders correctly","location":null,"status":"passed","title":"renders correctly"},{"ancestorTitles":["<ActiveFacets />"],"failureMessages":[],"fullName":"<ActiveFacets /> renders correctly with className","location":null,"status":"passed","title":"renders correctly with className"},{"ancestorTitles":["<ActiveFacets />"],"failureMessages":[],"fullName":"<ActiveFacets /> renders correctly without refinements","location":null,"status":"passed","title":"renders correctly without refinements"},{"ancestorTitles":["<ActiveFacets />"],"failureMessages":[],"fullName":"<ActiveFacets /> should refine the \"materials\" onClick","location":null,"status":"passed","title":"should refine the \"materials\" onClick"},{"ancestorTitles":["<ActiveFacets />"],"failureMessages":[],"fullName":"<ActiveFacets /> should refine the \"category: Bed\" onClick","location":null,"status":"passed","title":"should refine the \"category: Bed\" onClick"}],"endTime":1541082138250,"message":"","name":"/Users/Antoine/Work/dering-hall-ui-kit/src/components/ActiveFacets/__tests__/ActiveFacets.test.js","startTime":1541082137878,"status":"passed","summary":""},{"assertionResults":[{"ancestorTitles":["<Select />"],"failureMessages":[],"fullName":"<Select /> renders correctly","location":null,"status":"passed","title":"renders correctly"},{"ancestorTitles":["<Select />"],"failureMessages":[],"fullName":"<Select /> renders correctly with className","location":null,"status":"passed","title":"renders correctly with className"},{"ancestorTitles":["<Select />"],"failureMessages":[],"fullName":"<Select /> calls 'onChange' prop on change","location":null,"status":"passed","title":"calls 'onChange' prop on change"},{"ancestorTitles":["<Select />"],"failureMessages":[],"fullName":"<Select /> should use value if no label provided","location":null,"status":"passed","title":"should use value if no label provided"}],"endTime":1541082138540,"message":"","name":"/Users/Antoine/Work/dering-hall-ui-kit/src/components/Select/__tests__/Select.test.js","startTime":1541082138163,"status":"passed","summary":""},{"assertionResults":[{"ancestorTitles":["<SortByFacet />"],"failureMessages":[],"fullName":"<SortByFacet /> renders correctly","location":null,"status":"passed","title":"renders correctly"},{"ancestorTitles":["<SortByFacet />"],"failureMessages":[],"fullName":"<SortByFacet /> renders correctly with className","location":null,"status":"passed","title":"renders correctly with className"},{"ancestorTitles":["<SortByFacet />"],"failureMessages":[],"fullName":"<SortByFacet /> refines its value on change","location":null,"status":"passed","title":"refines its value on change"},{"ancestorTitles":["<SortByFacet />"],"failureMessages":[],"fullName":"<SortByFacet /> should use value if no label provided","location":null,"status":"passed","title":"should use value if no label provided"}],"endTime":1541082138658,"message":"","name":"/Users/Antoine/Work/dering-hall-ui-kit/src/components/SortByFacet/__tests__/SortByFacet.test.js","startTime":1541082138096,"status":"passed","summary":""},{"assertionResults":[{"ancestorTitles":["<SearchBox />"],"failureMessages":[],"fullName":"<SearchBox /> renders correctly","location":null,"status":"passed","title":"renders correctly"},{"ancestorTitles":["<SearchBox />"],"failureMessages":[],"fullName":"<SearchBox /> renders correctly with custom classname","location":null,"status":"passed","title":"renders correctly with custom classname"},{"ancestorTitles":["<SearchBox />"],"failureMessages":[],"fullName":"<SearchBox /> treats its query prop as its input value","location":null,"status":"passed","title":"treats its query prop as its input value"},{"ancestorTitles":["<SearchBox />"],"failureMessages":[],"fullName":"<SearchBox /> should accept `onXXX` events","location":null,"status":"passed","title":"should accept `onXXX` events"},{"ancestorTitles":["<SearchBox />"],"failureMessages":[],"fullName":"<SearchBox /> should clear the query when the form is reset","location":null,"status":"passed","title":"should clear the query when the form is reset"}],"endTime":1541082138782,"message":"","name":"/Users/Antoine/Work/dering-hall-ui-kit/src/components/SearchBox/__tests__/SearchBox.test.js","startTime":1541082138262,"status":"passed","summary":""},{"assertionResults":[{"ancestorTitles":["<Button />"],"failureMessages":[],"fullName":"<Button /> renders correctly as primary","location":null,"status":"passed","title":"renders correctly as primary"},{"ancestorTitles":["<Button />"],"failureMessages":[],"fullName":"<Button /> renders correctly as primary and inverted","location":null,"status":"passed","title":"renders correctly as primary and inverted"},{"ancestorTitles":["<Button />"],"failureMessages":[],"fullName":"<Button /> renders correctly with className","location":null,"status":"passed","title":"renders correctly with className"},{"ancestorTitles":["<Button />"],"failureMessages":[],"fullName":"<Button /> renders correctly when disabled","location":null,"status":"passed","title":"renders correctly when disabled"},{"ancestorTitles":["<Button />"],"failureMessages":[],"fullName":"<Button /> should be disabled when loading","location":null,"status":"passed","title":"should be disabled when loading"},{"ancestorTitles":["<Button />"],"failureMessages":[],"fullName":"<Button /> renders correctly when hidden","location":null,"status":"passed","title":"renders correctly when hidden"},{"ancestorTitles":["<Button />"],"failureMessages":[],"fullName":"<Button /> should call onClick when clicked","location":null,"status":"passed","title":"should call onClick when clicked"},{"ancestorTitles":["<Button />"],"failureMessages":[],"fullName":"<Button /> can use theme from a ThemeProvider","location":null,"status":"passed","title":"can use theme from a ThemeProvider"}],"endTime":1541082138914,"message":"","name":"/Users/Antoine/Work/dering-hall-ui-kit/src/components/Button/__tests__/Button.test.js","startTime":1541082138604,"status":"passed","summary":""},{"assertionResults":[{"ancestorTitles":["<TogglerFacet />"],"failureMessages":[],"fullName":"<TogglerFacet /> renders correctly","location":null,"status":"passed","title":"renders correctly"},{"ancestorTitles":["<TogglerFacet />"],"failureMessages":[],"fullName":"<TogglerFacet /> renders correctly with className","location":null,"status":"passed","title":"renders correctly with className"},{"ancestorTitles":["<TogglerFacet />"],"failureMessages":[],"fullName":"<TogglerFacet /> refines its value on change","location":null,"status":"passed","title":"refines its value on change"},{"ancestorTitles":["<TogglerFacet />"],"failureMessages":[],"fullName":"<TogglerFacet /> should only have one item checked","location":null,"status":"passed","title":"should only have one item checked"}],"endTime":1541082139074,"message":"","name":"/Users/Antoine/Work/dering-hall-ui-kit/src/components/TogglerFacet/__tests__/TogglerFacet.test.js","startTime":1541082138679,"status":"passed","summary":""},{"assertionResults":[{"ancestorTitles":["<SearchAutocompleteHit />"],"failureMessages":[],"fullName":"<SearchAutocompleteHit /> renders correctly","location":null,"status":"passed","title":"renders correctly"},{"ancestorTitles":["<SearchAutocompleteHit />"],"failureMessages":[],"fullName":"<SearchAutocompleteHit /> renders correctly with hitTitleKey array prop","location":null,"status":"passed","title":"renders correctly with hitTitleKey array prop"},{"ancestorTitles":["<SearchAutocompleteHit />"],"failureMessages":[],"fullName":"<SearchAutocompleteHit /> renders correctly with hitImageKey prop","location":null,"status":"passed","title":"renders correctly with hitImageKey prop"},{"ancestorTitles":["<SearchAutocompleteHit />"],"failureMessages":[],"fullName":"<SearchAutocompleteHit /> renders correctly with hitImageKey array prop","location":null,"status":"passed","title":"renders correctly with hitImageKey array prop"},{"ancestorTitles":["<SearchAutocompleteHit />"],"failureMessages":[],"fullName":"<SearchAutocompleteHit /> should have an <img /> when hitImageKey prop is passed","location":null,"status":"passed","title":"should have an <img /> when hitImageKey prop is passed"},{"ancestorTitles":["<SearchAutocompleteHit />"],"failureMessages":[],"fullName":"<SearchAutocompleteHit /> should have an <img /> when hitImageKey array prop is passed","location":null,"status":"passed","title":"should have an <img /> when hitImageKey array prop is passed"},{"ancestorTitles":["<SearchAutocompleteHit />"],"failureMessages":[],"fullName":"<SearchAutocompleteHit /> shouldn't have an <img /> when 'hitImageKey' key doesn't exist","location":null,"status":"passed","title":"shouldn't have an <img /> when 'hitImageKey' key doesn't exist"}],"endTime":1541082139079,"message":"","name":"/Users/Antoine/Work/dering-hall-ui-kit/src/components/SearchAutocomplete/__tests__/SearchAutocompleteHit.test.js","startTime":1541082138791,"status":"passed","summary":""},{"assertionResults":[{"ancestorTitles":["<SellerProfilePortfolios />"],"failureMessages":[],"fullName":"<SellerProfilePortfolios /> renders correctly","location":null,"status":"passed","title":"renders correctly"},{"ancestorTitles":["<SellerProfilePortfolios />"],"failureMessages":[],"fullName":"<SellerProfilePortfolios /> renders correctly with portfolioComponent","location":null,"status":"passed","title":"renders correctly with portfolioComponent"}],"endTime":1541082139221,"message":"","name":"/Users/Antoine/Work/dering-hall-ui-kit/src/components/SellerProfile/__tests__/SellerProfilePortfolios.test.js","startTime":1541082138920,"status":"passed","summary":""},{"assertionResults":[{"ancestorTitles":["<ProductDetailAbout />"],"failureMessages":[],"fullName":"<ProductDetailAbout /> renders correctly","location":null,"status":"passed","title":"renders correctly"},{"ancestorTitles":["<ProductDetailAbout />"],"failureMessages":[],"fullName":"<ProductDetailAbout /> renders correctly with image","location":null,"status":"passed","title":"renders correctly with image"},{"ancestorTitles":["<ProductDetailAbout />"],"failureMessages":[],"fullName":"<ProductDetailAbout /> renders correctly with description","location":null,"status":"passed","title":"renders correctly with description"},{"ancestorTitles":["<ProductDetailAbout />"],"failureMessages":[],"fullName":"<ProductDetailAbout /> renders correctly with HTML description","location":null,"status":"passed","title":"renders correctly with HTML description"},{"ancestorTitles":["<ProductDetailAbout />"],"failureMessages":[],"fullName":"<ProductDetailAbout /> renders correctly with description and image","location":null,"status":"passed","title":"renders correctly with description and image"}],"endTime":1541082139335,"message":"","name":"/Users/Antoine/Work/dering-hall-ui-kit/src/components/ProductDetail/__tests__/ProductDetailAbout.test.js","startTime":1541082139087,"status":"passed","summary":""},{"assertionResults":[{"ancestorTitles":["<Panel />"],"failureMessages":[],"fullName":"<Panel /> renders correctly","location":null,"status":"passed","title":"renders correctly"},{"ancestorTitles":["<Panel />"],"failureMessages":[],"fullName":"<Panel /> renders correctly with className","location":null,"status":"passed","title":"renders correctly with className"},{"ancestorTitles":["<Panel />"],"failureMessages":[],"fullName":"<Panel /> renders correctly with headerAction","location":null,"status":"passed","title":"renders correctly with headerAction"},{"ancestorTitles":["<Panel />"],"failureMessages":[],"fullName":"<Panel /> renders correctly without refinement","location":null,"status":"passed","title":"renders correctly without refinement"},{"ancestorTitles":["<Panel />"],"failureMessages":[],"fullName":"<Panel /> should expose context to his children","location":null,"status":"passed","title":"should expose context to his children"},{"ancestorTitles":["<Panel />"],"failureMessages":[],"fullName":"<Panel /> renders correctly when setCanRefine is called","location":null,"status":"passed","title":"renders correctly when setCanRefine is called"}],"endTime":1541082139358,"message":"","name":"/Users/Antoine/Work/dering-hall-ui-kit/src/components/Panel/__tests__/Panel.test.js","startTime":1541082139081,"status":"passed","summary":""},{"assertionResults":[{"ancestorTitles":["<ClearFacets />"],"failureMessages":[],"fullName":"<ClearFacets /> renders correctly","location":null,"status":"passed","title":"renders correctly"},{"ancestorTitles":["<ClearFacets />"],"failureMessages":[],"fullName":"<ClearFacets /> renders correctly with className","location":null,"status":"passed","title":"renders correctly with className"},{"ancestorTitles":["<ClearFacets />"],"failureMessages":[],"fullName":"<ClearFacets /> has a disabled mode","location":null,"status":"passed","title":"has a disabled mode"},{"ancestorTitles":["<ClearFacets />"],"failureMessages":[],"fullName":"<ClearFacets /> should have a disabled mode","location":null,"status":"passed","title":"should have a disabled mode"},{"ancestorTitles":["<ClearFacets />"],"failureMessages":[],"fullName":"<ClearFacets /> should be disabled when there is no filters","location":null,"status":"passed","title":"should be disabled when there is no filters"},{"ancestorTitles":["<ClearFacets />"],"failureMessages":[],"fullName":"<ClearFacets /> should not be disabled when there are filters","location":null,"status":"passed","title":"should not be disabled when there are filters"}],"endTime":1541082139482,"message":"","name":"/Users/Antoine/Work/dering-hall-ui-kit/src/components/ClearFacets/__tests__/ClearFacets.test.js","startTime":1541082139227,"status":"passed","summary":""},{"assertionResults":[{"ancestorTitles":["<ConversionButton />"],"failureMessages":[],"fullName":"<ConversionButton /> renders correctly","location":null,"status":"passed","title":"renders correctly"},{"ancestorTitles":["<ConversionButton />"],"failureMessages":[],"fullName":"<ConversionButton /> renders correctly with a label","location":null,"status":"passed","title":"renders correctly with a label"},{"ancestorTitles":["<ConversionButton />"],"failureMessages":[],"fullName":"<ConversionButton /> renders correctly with attributes","location":null,"status":"passed","title":"renders correctly with attributes"},{"ancestorTitles":["<ConversionButton />"],"failureMessages":[],"fullName":"<ConversionButton /> renders correctly has a link","location":null,"status":"passed","title":"renders correctly has a link"},{"ancestorTitles":["<ConversionButton />"],"failureMessages":[],"fullName":"<ConversionButton /> should call onClick when clicked","location":null,"status":"passed","title":"should call onClick when clicked"}],"endTime":1541082139562,"message":"","name":"/Users/Antoine/Work/dering-hall-ui-kit/src/components/ConversionButtons/__tests__/ConversionButton.test.js","startTime":1541082139342,"status":"passed","summary":""},{"assertionResults":[{"ancestorTitles":["<ErrorComponent />"],"failureMessages":[],"fullName":"<ErrorComponent /> renders correctly","location":null,"status":"passed","title":"renders correctly"},{"ancestorTitles":["<ErrorComponent />"],"failureMessages":[],"fullName":"<ErrorComponent /> renders correctly with custom className","location":null,"status":"passed","title":"renders correctly with custom className"},{"ancestorTitles":["<ErrorComponent />"],"failureMessages":[],"fullName":"<ErrorComponent /> renders correctly with link","location":null,"status":"passed","title":"renders correctly with link"},{"ancestorTitles":["<ErrorComponent />"],"failureMessages":[],"fullName":"<ErrorComponent /> renders correctly with custom title","location":null,"status":"passed","title":"renders correctly with custom title"},{"ancestorTitles":["<ErrorComponent />"],"failureMessages":[],"fullName":"<ErrorComponent /> renders correctly with custom message","location":null,"status":"passed","title":"renders correctly with custom message"},{"ancestorTitles":["<ErrorComponent />"],"failureMessages":[],"fullName":"<ErrorComponent /> renders correctly with copyright","location":null,"status":"passed","title":"renders correctly with copyright"}],"endTime":1541082139598,"message":"","name":"/Users/Antoine/Work/dering-hall-ui-kit/src/components/Error/__tests__/Error.test.js","startTime":1541082139367,"status":"passed","summary":""},{"assertionResults":[{"ancestorTitles":["<TogglerFacetItem />"],"failureMessages":[],"fullName":"<TogglerFacetItem /> renders correctly","location":null,"status":"passed","title":"renders correctly"},{"ancestorTitles":["<TogglerFacetItem />"],"failureMessages":[],"fullName":"<TogglerFacetItem /> renders correctly when not checked","location":null,"status":"passed","title":"renders correctly when not checked"},{"ancestorTitles":["<TogglerFacetItem />"],"failureMessages":[],"fullName":"<TogglerFacetItem /> should onChange when changed","location":null,"status":"passed","title":"should onChange when changed"}],"endTime":1541082139728,"message":"","name":"/Users/Antoine/Work/dering-hall-ui-kit/src/components/TogglerFacet/__tests__/TogglerFacetItem.test.js","startTime":1541082139537,"status":"passed","summary":""},{"assertionResults":[{"ancestorTitles":["<ListFacetOptions />"],"failureMessages":[],"fullName":"<ListFacetOptions /> renders correctly","location":null,"status":"passed","title":"renders correctly"},{"ancestorTitles":["<ListFacetOptions />"],"failureMessages":[],"fullName":"<ListFacetOptions /> renders correctly with className","location":null,"status":"passed","title":"renders correctly with className"},{"ancestorTitles":["<ListFacetOptions />"],"failureMessages":[],"fullName":"<ListFacetOptions /> renders correctly without refinement","location":null,"status":"passed","title":"renders correctly without refinement"}],"endTime":1541082139776,"message":"","name":"/Users/Antoine/Work/dering-hall-ui-kit/src/components/ListFacet/__tests__/ListFacetOptions.test.js","startTime":1541082139569,"status":"passed","summary":""},{"assertionResults":[{"ancestorTitles":["<SellerProfileNews />"],"failureMessages":[],"fullName":"<SellerProfileNews /> renders correctly","location":null,"status":"passed","title":"renders correctly"},{"ancestorTitles":["<SellerProfileNews />"],"failureMessages":[],"fullName":"<SellerProfileNews /> renders correctly with newsComponent","location":null,"status":"passed","title":"renders correctly with newsComponent"}],"endTime":1541082139853,"message":"","name":"/Users/Antoine/Work/dering-hall-ui-kit/src/components/SellerProfile/__tests__/SellerProfileNews.test.js","startTime":1541082139606,"status":"passed","summary":""},{"assertionResults":[{"ancestorTitles":["<NavBarLogo />"],"failureMessages":[],"fullName":"<NavBarLogo /> renders correctly","location":null,"status":"passed","title":"renders correctly"},{"ancestorTitles":["<NavBarLogo />"],"failureMessages":[],"fullName":"<NavBarLogo /> renders correctly with a custom element","location":null,"status":"passed","title":"renders correctly with a custom element"},{"ancestorTitles":["<NavBarLogo />"],"failureMessages":[],"fullName":"<NavBarLogo /> should have an <a> when to prop is passed","location":null,"status":"passed","title":"should have an <a> when to prop is passed"},{"ancestorTitles":["<NavBarLogo />"],"failureMessages":[],"fullName":"<NavBarLogo /> should have an <a> with a custom element when to prop is passed","location":null,"status":"passed","title":"should have an <a> with a custom element when to prop is passed"}],"endTime":1541082140002,"message":"","name":"/Users/Antoine/Work/dering-hall-ui-kit/src/components/NavBar/__tests__/NavBarLogo.test.js","startTime":1541082139737,"status":"passed","summary":""},{"assertionResults":[{"ancestorTitles":["<ProductDetailSpecs />"],"failureMessages":[],"fullName":"<ProductDetailSpecs /> renders correctly","location":null,"status":"passed","title":"renders correctly"}],"endTime":1541082140061,"message":"","name":"/Users/Antoine/Work/dering-hall-ui-kit/src/components/ProductDetail/__tests__/ProductDetailSpecs.test.js","startTime":1541082139782,"status":"passed","summary":""},{"assertionResults":[{"ancestorTitles":["<ProductDetailDescription />"],"failureMessages":[],"fullName":"<ProductDetailDescription /> renders correctly","location":null,"status":"passed","title":"renders correctly"},{"ancestorTitles":["<ProductDetailDescription />"],"failureMessages":[],"fullName":"<ProductDetailDescription /> renders correctly with HTML description","location":null,"status":"passed","title":"renders correctly with HTML description"}],"endTime":1541082140084,"message":"","name":"/Users/Antoine/Work/dering-hall-ui-kit/src/components/ProductDetail/__tests__/ProductDetailDescription.test.js","startTime":1541082139859,"status":"passed","summary":""},{"assertionResults":[{"ancestorTitles":["<ProductHit />"],"failureMessages":[],"fullName":"<ProductHit /> renders correctly","location":null,"status":"passed","title":"renders correctly"},{"ancestorTitles":["<ProductHit />"],"failureMessages":[],"fullName":"<ProductHit /> renders correctly with transformHitImageUrl","location":null,"status":"passed","title":"renders correctly with transformHitImageUrl"}],"endTime":1541082140381,"message":"","name":"/Users/Antoine/Work/dering-hall-ui-kit/src/components/ProductsHits/__tests__/ProductHit.test.js","startTime":1541082140132,"status":"passed","summary":""},{"assertionResults":[{"ancestorTitles":["<SellerHit />"],"failureMessages":[],"fullName":"<SellerHit /> renders correctly","location":null,"status":"passed","title":"renders correctly"},{"ancestorTitles":["<SellerHit />"],"failureMessages":[],"fullName":"<SellerHit /> renders correctly with transformHitImageUrl","location":null,"status":"passed","title":"renders correctly with transformHitImageUrl"}],"endTime":1541082140392,"message":"","name":"/Users/Antoine/Work/dering-hall-ui-kit/src/components/SellersHits/__tests__/SellerHit.test.js","startTime":1541082140165,"status":"passed","summary":""},{"assertionResults":[{"ancestorTitles":["<SellerProfileMemberships />"],"failureMessages":[],"fullName":"<SellerProfileMemberships /> renders correctly","location":null,"status":"passed","title":"renders correctly"}],"endTime":1541082140671,"message":"","name":"/Users/Antoine/Work/dering-hall-ui-kit/src/components/SellerProfile/__tests__/SellerProfileMemberships.test.js","startTime":1541082140399,"status":"passed","summary":""},{"assertionResults":[{"ancestorTitles":["<NavBar />"],"failureMessages":[],"fullName":"<NavBar /> renders correctly","location":null,"status":"passed","title":"renders correctly"},{"ancestorTitles":["<NavBar />"],"failureMessages":[],"fullName":"<NavBar /> renders correctly with className","location":null,"status":"passed","title":"renders correctly with className"}],"endTime":1541082140909,"message":"","name":"/Users/Antoine/Work/dering-hall-ui-kit/src/components/NavBar/__tests__/NavBar.test.js","startTime":1541082140398,"status":"passed","summary":""},{"assertionResults":[{"ancestorTitles":["<GeoSearch />"],"failureMessages":[],"fullName":"<GeoSearch /> renders correctly","location":null,"status":"passed","title":"renders correctly"},{"ancestorTitles":["<GeoSearch />"],"failureMessages":[],"fullName":"<GeoSearch /> renders correctly with custom classname","location":null,"status":"passed","title":"renders correctly with custom classname"},{"ancestorTitles":["<GeoSearch />"],"failureMessages":[],"fullName":"<GeoSearch /> renders correctly with radiuses","location":null,"status":"passed","title":"renders correctly with radiuses"}],"endTime":1541082140972,"message":"","name":"/Users/Antoine/Work/dering-hall-ui-kit/src/components/GeoSearch/__tests__/GeoSearch.test.js","startTime":1541082140007,"status":"passed","summary":""},{"assertionResults":[{"ancestorTitles":["<RangeFacet />"],"failureMessages":[],"fullName":"<RangeFacet /> renders correctly","location":null,"status":"passed","title":"renders correctly"},{"ancestorTitles":["<RangeFacet />"],"failureMessages":[],"fullName":"<RangeFacet /> renders correctly with className","location":null,"status":"passed","title":"renders correctly with className"},{"ancestorTitles":["<RangeFacet />"],"failureMessages":[],"fullName":"<RangeFacet /> renders correctly with transformLabel","location":null,"status":"passed","title":"renders correctly with transformLabel"}],"endTime":1541082141033,"message":"","name":"/Users/Antoine/Work/dering-hall-ui-kit/src/components/RangeFacet/__tests__/RangeFacet.test.js","startTime":1541082140677,"status":"passed","summary":""},{"assertionResults":[{"ancestorTitles":["createClassNames"],"failureMessages":[],"fullName":"createClassNames expect to return classNames","location":null,"status":"passed","title":"expect to return classNames"},{"ancestorTitles":["createClassNames"],"failureMessages":[],"fullName":"createClassNames expect to return classNames with custom prefix","location":null,"status":"passed","title":"expect to return classNames with custom prefix"}],"endTime":1541082141078,"message":"","name":"/Users/Antoine/Work/dering-hall-ui-kit/src/utils/createClassNames.test.js","startTime":1541082140922,"status":"passed","summary":""},{"assertionResults":[{"ancestorTitles":["<SectionNav />"],"failureMessages":[],"fullName":"<SectionNav /> renders correctly","location":null,"status":"passed","title":"renders correctly"},{"ancestorTitles":["<SectionNav />"],"failureMessages":[],"fullName":"<SectionNav /> renders correctly with custom className","location":null,"status":"passed","title":"renders correctly with custom className"}],"endTime":1541082141179,"message":"","name":"/Users/Antoine/Work/dering-hall-ui-kit/src/components/SectionNav/__tests__/SectionNav.test.js","startTime":1541082140978,"status":"passed","summary":""},{"assertionResults":[{"ancestorTitles":["<ProductDetailGallery />"],"failureMessages":[],"fullName":"<ProductDetailGallery /> renders correctly","location":null,"status":"passed","title":"renders correctly"}],"endTime":1541082141259,"message":"","name":"/Users/Antoine/Work/dering-hall-ui-kit/src/components/ProductDetail/__tests__/ProductDetailGallery.test.js","startTime":1541082141041,"status":"passed","summary":""},{"assertionResults":[{"ancestorTitles":["<CommerceModulePricing />"],"failureMessages":[],"fullName":"<CommerceModulePricing /> renders correctly","location":null,"status":"passed","title":"renders correctly"},{"ancestorTitles":["<CommerceModulePricing />"],"failureMessages":[],"fullName":"<CommerceModulePricing /> renders correctly with priceRaw","location":null,"status":"passed","title":"renders correctly with priceRaw"}],"endTime":1541082141310,"message":"","name":"/Users/Antoine/Work/dering-hall-ui-kit/src/components/CommerceModule/__tests__/CommerceModulePricing.test.js","startTime":1541082141087,"status":"passed","summary":""},{"assertionResults":[{"ancestorTitles":["<SellerProfilePortfolio />"],"failureMessages":[],"fullName":"<SellerProfilePortfolio /> renders correctly","location":null,"status":"passed","title":"renders correctly"}],"endTime":1541082141350,"message":"","name":"/Users/Antoine/Work/dering-hall-ui-kit/src/components/SellerProfile/__tests__/SellerProfilePortfolio.test.js","startTime":1541082141186,"status":"passed","summary":""},{"assertionResults":[{"ancestorTitles":["<SellerProfileNewsItem />"],"failureMessages":[],"fullName":"<SellerProfileNewsItem /> renders correctly","location":null,"status":"passed","title":"renders correctly"}],"endTime":1541082141481,"message":"","name":"/Users/Antoine/Work/dering-hall-ui-kit/src/components/SellerProfile/__tests__/SellerProfileNewsItem.test.js","startTime":1541082141315,"status":"passed","summary":""},{"assertionResults":[{"ancestorTitles":["<SellerProfileHeader />"],"failureMessages":[],"fullName":"<SellerProfileHeader /> renders correctly","location":null,"status":"passed","title":"renders correctly"},{"ancestorTitles":["<SellerProfileHeader />"],"failureMessages":[],"fullName":"<SellerProfileHeader /> renders correctly with website","location":null,"status":"passed","title":"renders correctly with website"}],"endTime":1541082141525,"message":"","name":"/Users/Antoine/Work/dering-hall-ui-kit/src/components/SellerProfile/__tests__/SellerProfileHeader.test.js","startTime":1541082141270,"status":"passed","summary":""},{"assertionResults":[{"ancestorTitles":["<Image />"],"failureMessages":[],"fullName":"<Image /> renders correctly","location":null,"status":"passed","title":"renders correctly"},{"ancestorTitles":["<Image />"],"failureMessages":[],"fullName":"<Image /> renders correctly with a className prop","location":null,"status":"passed","title":"renders correctly with a className prop"}],"endTime":1541082141557,"message":"","name":"/Users/Antoine/Work/dering-hall-ui-kit/src/components/Image/__tests__/Image.test.js","startTime":1541082141402,"status":"passed","summary":""},{"assertionResults":[{"ancestorTitles":["<PlaceAutocomplete />"],"failureMessages":[],"fullName":"<PlaceAutocomplete /> renders correctly","location":null,"status":"passed","title":"renders correctly"},{"ancestorTitles":["<PlaceAutocomplete />"],"failureMessages":[],"fullName":"<PlaceAutocomplete /> renders correctly with custom placeholder","location":null,"status":"passed","title":"renders correctly with custom placeholder"}],"endTime":1541082141691,"message":"","name":"/Users/Antoine/Work/dering-hall-ui-kit/src/components/PlaceAutocomplete/__tests__/PlaceAutocomplete.test.js","startTime":1541082141498,"status":"passed","summary":""},{"assertionResults":[{"ancestorTitles":["<PoweredBy />"],"failureMessages":[],"fullName":"<PoweredBy /> renders correctly","location":null,"status":"passed","title":"renders correctly"},{"ancestorTitles":["<PoweredBy />"],"failureMessages":[],"fullName":"<PoweredBy /> renders correctly with custom to prop","location":null,"status":"passed","title":"renders correctly with custom to prop"}],"endTime":1541082141863,"message":"","name":"/Users/Antoine/Work/dering-hall-ui-kit/src/components/PoweredBy/__tests__/PoweredBy.test.js","startTime":1541082141698,"status":"passed","summary":""},{"assertionResults":[{"ancestorTitles":["<SearchHeading />"],"failureMessages":[],"fullName":"<SearchHeading /> renders correctly","location":null,"status":"passed","title":"renders correctly"},{"ancestorTitles":["<SearchHeading />"],"failureMessages":[],"fullName":"<SearchHeading /> renders correctly with defaultHeading","location":null,"status":"passed","title":"renders correctly with defaultHeading"}],"endTime":1541082141907,"message":"","name":"/Users/Antoine/Work/dering-hall-ui-kit/src/components/SearchHeading/__tests__/SearchHeading.test.js","startTime":1541082141530,"status":"passed","summary":""},{"assertionResults":[{"ancestorTitles":["withGoogleMapScript HOC"],"failureMessages":[],"fullName":"withGoogleMapScript HOC renders correctly","location":null,"status":"passed","title":"renders correctly"}],"endTime":1541082141919,"message":"","name":"/Users/Antoine/Work/dering-hall-ui-kit/src/hocs/__tests__/withGoogleMapScript.test.js","startTime":1541082141565,"status":"passed","summary":""},{"assertionResults":[{"ancestorTitles":["<PlaceAutocompleteSuggestion />"],"failureMessages":[],"fullName":"<PlaceAutocompleteSuggestion /> renders correctly","location":null,"status":"passed","title":"renders correctly"}],"endTime":1541082142057,"message":"","name":"/Users/Antoine/Work/dering-hall-ui-kit/src/components/PlaceAutocomplete/__tests__/PlaceAutocompleteSuggestion.test.js","startTime":1541082141870,"status":"passed","summary":""},{"assertionResults":[{"ancestorTitles":["<CommerceModulePhone />"],"failureMessages":[],"fullName":"<CommerceModulePhone /> renders correctly","location":null,"status":"passed","title":"renders correctly"}],"endTime":1541082142163,"message":"","name":"/Users/Antoine/Work/dering-hall-ui-kit/src/components/CommerceModule/__tests__/CommerceModulePhone.test.js","startTime":1541082141926,"status":"passed","summary":""},{"assertionResults":[{"ancestorTitles":["<CommerceModuleHeader />"],"failureMessages":[],"fullName":"<CommerceModuleHeader /> renders correctly","location":null,"status":"passed","title":"renders correctly"}],"endTime":1541082142164,"message":"","name":"/Users/Antoine/Work/dering-hall-ui-kit/src/components/CommerceModule/__tests__/CommerceModuleHeader.test.js","startTime":1541082141916,"status":"passed","summary":""},{"assertionResults":[{"ancestorTitles":["<SearchAutocompleteInput />"],"failureMessages":[],"fullName":"<SearchAutocompleteInput /> renders correctly","location":null,"status":"passed","title":"renders correctly"}],"endTime":1541082142321,"message":"","name":"/Users/Antoine/Work/dering-hall-ui-kit/src/components/SearchAutocomplete/__tests__/SearchAutocompleteInput.test.js","startTime":1541082142117,"status":"passed","summary":""},{"assertionResults":[{"ancestorTitles":["<PlaceAutocompleteInput />"],"failureMessages":[],"fullName":"<PlaceAutocompleteInput /> renders correctly","location":null,"status":"passed","title":"renders correctly"}],"endTime":1541082142334,"message":"","name":"/Users/Antoine/Work/dering-hall-ui-kit/src/components/PlaceAutocomplete/__tests__/PlaceAutocompleteInput.test.js","startTime":1541082142169,"status":"passed","summary":""}],"wasInterrupted":false}